<?xml version="1.0" encoding="UTF-8"?>
<!-- Generated by org.testng.reporters.JUnitXMLReporter -->
<testsuite hostname="DESKTOP-UUTUU8G" ignored="0" name="Test" tests="14" failures="1" timestamp="04 Sep 2019 10:54:12 GMT" time="395.397" errors="0">
  <testcase name="initialize" time="41.288" classname="Practice_Section.Al_MLPage"/>
  <testcase name="initialize" time="18.329" classname="Practice_Section.ClientsPage"/>
  <testcase name="initialize" time="21.843" classname="Practice_Section.Contact_UsPAge"/>
  <testcase name="initialize" time="46.8" classname="Practice_Section.Development_TeamPage"/>
  <testcase name="initialize" time="21.538" classname="Practice_Section.FAQPage"/>
  <testcase name="initialize" time="18.289" classname="Practice_Section.HomePage"/>
  <testcase name="initialize" time="27.939" classname="Practice_Section.How_It_Works"/>
  <testcase name="initialize" time="50.507" classname="Practice_Section.MobileA_DevPage"/>
  <testcase name="initialize" time="22.312" classname="Practice_Section.OurServices"/>
  <testcase name="initialize" time="18.277" classname="Practice_Section.Pricing_Page"/>
  <testcase name="initialize" time="18.846" classname="Practice_Section.Software_DevPAge">
    <failure type="org.openqa.selenium.ElementClickInterceptedException" message="element click intercepted: Element &amp;lt;span&amp;gt;...&amp;lt;/span&amp;gt; is not clickable at point (826, 180). Other element would receive the click: &amp;lt;img class=&amp;quot;banner_img&amp;quot; src=&amp;quot;includes/images/landing_page/version2_banner.png&amp;quot; alt=&amp;quot;Tech Experts&amp;quot;&amp;gt;
  (Session info: chrome=76.0.3809.132)
Build info: version: &amp;apos;3.141.59&amp;apos;, revision: &amp;apos;e82be7d358&amp;apos;, time: &amp;apos;2018-11-14T08:17:03&amp;apos;
System info: host: &amp;apos;DESKTOP-UUTUU8G&amp;apos;, ip: &amp;apos;192.168.1.116&amp;apos;, os.name: &amp;apos;Windows 10&amp;apos;, os.arch: &amp;apos;amd64&amp;apos;, os.version: &amp;apos;10.0&amp;apos;, java.version: &amp;apos;1.8.0_181&amp;apos;
Driver info: org.openqa.selenium.chrome.ChromeDriver
Capabilities {acceptInsecureCerts: false, browserName: chrome, browserVersion: 76.0.3809.132, chrome: {chromedriverVersion: 75.0.3770.140 (2d9f97485c7b..., userDataDir: C:\Users\COMPIN~1\AppData\L...}, goog:chromeOptions: {debuggerAddress: localhost:57636}, javascriptEnabled: true, networkConnectionEnabled: false, pageLoadStrategy: normal, platform: XP, platformName: XP, proxy: Proxy(), setWindowRect: true, strictFileInteractability: false, timeouts: {implicit: 0, pageLoad: 300000, script: 30000}, unhandledPromptBehavior: dismiss and notify}
Session ID: 1d69208bbc0f77ab1ab59ef376e9676c">
      <![CDATA[org.openqa.selenium.ElementClickInterceptedException: element click intercepted: Element <span>...</span> is not clickable at point (826, 180). Other element would receive the click: <img class="banner_img" src="includes/images/landing_page/version2_banner.png" alt="Tech Experts">
  (Session info: chrome=76.0.3809.132)
Build info: version: '3.141.59', revision: 'e82be7d358', time: '2018-11-14T08:17:03'
System info: host: 'DESKTOP-UUTUU8G', ip: '192.168.1.116', os.name: 'Windows 10', os.arch: 'amd64', os.version: '10.0', java.version: '1.8.0_181'
Driver info: org.openqa.selenium.chrome.ChromeDriver
Capabilities {acceptInsecureCerts: false, browserName: chrome, browserVersion: 76.0.3809.132, chrome: {chromedriverVersion: 75.0.3770.140 (2d9f97485c7b..., userDataDir: C:\Users\COMPIN~1\AppData\L...}, goog:chromeOptions: {debuggerAddress: localhost:57636}, javascriptEnabled: true, networkConnectionEnabled: false, pageLoadStrategy: normal, platform: XP, platformName: XP, proxy: Proxy(), setWindowRect: true, strictFileInteractability: false, timeouts: {implicit: 0, pageLoad: 300000, script: 30000}, unhandledPromptBehavior: dismiss and notify}
Session ID: 1d69208bbc0f77ab1ab59ef376e9676c
at org.openqa.selenium.remote.http.W3CHttpResponseCodec.createException(W3CHttpResponseCodec.java:187)
at org.openqa.selenium.remote.http.W3CHttpResponseCodec.decode(W3CHttpResponseCodec.java:122)
at org.openqa.selenium.remote.http.W3CHttpResponseCodec.decode(W3CHttpResponseCodec.java:49)
at org.openqa.selenium.remote.HttpCommandExecutor.execute(HttpCommandExecutor.java:158)
at org.openqa.selenium.remote.service.DriverCommandExecutor.execute(DriverCommandExecutor.java:83)
at org.openqa.selenium.remote.RemoteWebDriver.execute(RemoteWebDriver.java:552)
at org.openqa.selenium.remote.RemoteWebElement.execute(RemoteWebElement.java:285)
at org.openqa.selenium.remote.RemoteWebElement.click(RemoteWebElement.java:84)
at Practice_Section.Software_DevPAge.initialize(Software_DevPAge.java:24)
... Removed 29 stack frames]]>
    </failure>
  </testcase> <!-- initialize -->
  <testcase name="initialize" time="28.702" classname="Practice_Section.Software_ModernizationPage"/>
  <testcase name="initialize" time="25.803" classname="Practice_Section.Testimonials_Page"/>
  <testcase name="initialize" time="34.704" classname="Practice_Section.WebCloud_AppPage"/>
</testsuite> <!-- Test -->
